-- Build package with cmake
-- Tests will not be built
-- Project will be installed to /home/scv/SCV/install/ugv_sdk with 'make install'
--  - To install LIB components to /home/scv/SCV/install/ugv_sdk/lib
--  - To install BIN components to /home/scv/SCV/install/ugv_sdk/bin
--  - To install INCLUDE components to /home/scv/SCV/install/ugv_sdk/include
--  - To install CMAKE components to /home/scv/SCV/install/ugv_sdk/share/cmake/ugv_sdk
-- Configuring done
-- Generating done
-- Build files have been written to: /home/scv/SCV/build/ugv_sdk
[35m[1mConsolidate compiler generated dependencies of target ugv_sdk[0m
[  4%] [32mBuilding CXX object CMakeFiles/ugv_sdk.dir/src/async_port/async_serial.cpp.o[0m
[  8%] [32mBuilding CXX object CMakeFiles/ugv_sdk.dir/src/async_port/async_can.cpp.o[0m
[ 16%] [32mBuilding CXX object CMakeFiles/ugv_sdk.dir/src/mobile_robot/scout_robot.cpp.o[0m
[ 12%] [32mBuilding CXX object CMakeFiles/ugv_sdk.dir/src/utilities/protocol_detector.cpp.o[0m
[ 20%] [32mBuilding CXX object CMakeFiles/ugv_sdk.dir/src/mobile_robot/bunker_robot.cpp.o[0m
[ 25%] [32mBuilding CXX object CMakeFiles/ugv_sdk.dir/src/mobile_robot/hunter_robot.cpp.o[0m
[ 29%] [32mBuilding C object CMakeFiles/ugv_sdk.dir/src/protocol_v2/agilex_msg_parser_v2.c.o[0m
[ 33%] [32mBuilding CXX object CMakeFiles/ugv_sdk.dir/src/protocol_v2/protocol_v2_parser.cpp.o[0m
[ 37%] [32mBuilding C object CMakeFiles/ugv_sdk.dir/src/protocol_v1/agilex_msg_parser_v1.c.o[0m
In file included from [01m[K/home/scv/SCV/src/vehicle/SCV_ugv_sdk/include/ugv_sdk/mobile_robot/scout_robot.hpp:15[m[K,
                 from [01m[K/home/scv/SCV/src/vehicle/SCV_ugv_sdk/src/mobile_robot/scout_robot.cpp:10[m[K:
[01m[K/home/scv/SCV/src/vehicle/SCV_ugv_sdk/include/ugv_sdk/details/interface/robot_common_interface.hpp:[m[K In member function â€˜[01m[Kvirtual westonrobot::CoreStateMsgGroup westonrobot::RobotCommonInterface::GetRobotCoreStateMsgGroup()[m[Kâ€™:
[01m[K/home/scv/SCV/src/vehicle/SCV_ugv_sdk/include/ugv_sdk/details/interface/robot_common_interface.hpp:87:16:[m[K [01;31m[Kerror: [m[Kâ€˜[01m[Kruntime_error[m[Kâ€™ is not a member of â€˜[01m[Kstd[m[Kâ€™
   87 |     throw std::[01;31m[Kruntime_error[m[K(
      |                [01;31m[K^~~~~~~~~~~~~[m[K
[01m[K/home/scv/SCV/src/vehicle/SCV_ugv_sdk/include/ugv_sdk/details/interface/robot_common_interface.hpp:[m[K In member function â€˜[01m[Kvirtual westonrobot::ActuatorStateMsgGroup westonrobot::RobotCommonInterface::GetActuatorStateMsgGroup()[m[Kâ€™:
[01m[K/home/scv/SCV/src/vehicle/SCV_ugv_sdk/include/ugv_sdk/details/interface/robot_common_interface.hpp:93:16:[m[K [01;31m[Kerror: [m[Kâ€˜[01m[Kruntime_error[m[Kâ€™ is not a member of â€˜[01m[Kstd[m[Kâ€™
   93 |     throw std::[01;31m[Kruntime_error[m[K(
      |                [01;31m[K^~~~~~~~~~~~~[m[K
In file included from [01m[K/home/scv/SCV/src/vehicle/SCV_ugv_sdk/include/ugv_sdk/mobile_robot/hunter_robot.hpp:15[m[K,
                 from [01m[K/home/scv/SCV/src/vehicle/SCV_ugv_sdk/src/mobile_robot/hunter_robot.cpp:10[m[K:
[01m[K/home/scv/SCV/src/vehicle/SCV_ugv_sdk/include/ugv_sdk/details/interface/robot_common_interface.hpp:[m[K In member function â€˜[01m[Kvirtual westonrobot::CoreStateMsgGroup westonrobot::RobotCommonInterface::GetRobotCoreStateMsgGroup()[m[Kâ€™:
[01m[K/home/scv/SCV/src/vehicle/SCV_ugv_sdk/include/ugv_sdk/details/interface/robot_common_interface.hpp:87:16:[m[K [01;31m[Kerror: [m[Kâ€˜[01m[Kruntime_error[m[Kâ€™ is not a member of â€˜[01m[Kstd[m[Kâ€™
   87 |     throw std::[01;31m[Kruntime_error[m[K(
      |                [01;31m[K^~~~~~~~~~~~~[m[K
[01m[K/home/scv/SCV/src/vehicle/SCV_ugv_sdk/include/ugv_sdk/details/interface/robot_common_interface.hpp:[m[K In member function â€˜[01m[Kvirtual westonrobot::CommonSensorStateMsgGroup westonrobot::RobotCommonInterface::GetCommonSensorStateMsgGroup()[m[Kâ€™:
[01m[K/home/scv/SCV/src/vehicle/SCV_ugv_sdk/include/ugv_sdk/details/interface/robot_common_interface.hpp:99:16:[m[K [01;31m[Kerror: [m[Kâ€˜[01m[Kruntime_error[m[Kâ€™ is not a member of â€˜[01m[Kstd[m[Kâ€™
   99 |     throw std::[01;31m[Kruntime_error[m[K(
      |                [01;31m[K^~~~~~~~~~~~~[m[K
[01m[K/home/scv/SCV/src/vehicle/SCV_ugv_sdk/include/ugv_sdk/details/interface/robot_common_interface.hpp:[m[K In member function â€˜[01m[Kvirtual westonrobot::ResponseVersionMsgGroup westonrobot::RobotCommonInterface::GetResponseVersionMsgGroup()[m[Kâ€™:
[01m[K/home/scv/SCV/src/vehicle/SCV_ugv_sdk/include/ugv_sdk/details/interface/robot_common_interface.hpp:105:16:[m[K [01;31m[Kerror: [m[Kâ€˜[01m[Kruntime_error[m[Kâ€™ is not a member of â€˜[01m[Kstd[m[Kâ€™
  105 |     throw std::[01;31m[Kruntime_error[m[K(
      |                [01;31m[K^~~~~~~~~~~~~[m[K
[01m[K/home/scv/SCV/src/vehicle/SCV_ugv_sdk/include/ugv_sdk/details/interface/robot_common_interface.hpp:[m[K In member function â€˜[01m[Kvirtual westonrobot::ActuatorStateMsgGroup westonrobot::RobotCommonInterface::GetActuatorStateMsgGroup()[m[Kâ€™:
[01m[K/home/scv/SCV/src/vehicle/SCV_ugv_sdk/include/ugv_sdk/details/interface/robot_common_interface.hpp:93:16:[m[K [01;31m[Kerror: [m[Kâ€˜[01m[Kruntime_error[m[Kâ€™ is not a member of â€˜[01m[Kstd[m[Kâ€™
   93 |     throw std::[01;31m[Kruntime_error[m[K(
      |                [01;31m[K^~~~~~~~~~~~~[m[K
[01m[K/home/scv/SCV/src/vehicle/SCV_ugv_sdk/include/ugv_sdk/details/interface/robot_common_interface.hpp:[m[K In member function â€˜[01m[Kvirtual westonrobot::CommonSensorStateMsgGroup westonrobot::RobotCommonInterface::GetCommonSensorStateMsgGroup()[m[Kâ€™:
[01m[K/home/scv/SCV/src/vehicle/SCV_ugv_sdk/include/ugv_sdk/details/interface/robot_common_interface.hpp:99:16:[m[K [01;31m[Kerror: [m[Kâ€˜[01m[Kruntime_error[m[Kâ€™ is not a member of â€˜[01m[Kstd[m[Kâ€™
   99 |     throw std::[01;31m[Kruntime_error[m[K(
      |                [01;31m[K^~~~~~~~~~~~~[m[K
[01m[K/home/scv/SCV/src/vehicle/SCV_ugv_sdk/include/ugv_sdk/details/interface/robot_common_interface.hpp:[m[K In member function â€˜[01m[Kvirtual westonrobot::MotorMsgGroup westonrobot::RobotCommonInterface::GetMotorMsgGroup()[m[Kâ€™:
[01m[K/home/scv/SCV/src/vehicle/SCV_ugv_sdk/include/ugv_sdk/details/interface/robot_common_interface.hpp:111:16:[m[K [01;31m[Kerror: [m[Kâ€˜[01m[Kruntime_error[m[Kâ€™ is not a member of â€˜[01m[Kstd[m[Kâ€™
  111 |     throw std::[01;31m[Kruntime_error[m[K(
      |                [01;31m[K^~~~~~~~~~~~~[m[K
[01m[K/home/scv/SCV/src/vehicle/SCV_ugv_sdk/include/ugv_sdk/details/interface/robot_common_interface.hpp:[m[K In member function â€˜[01m[Kvirtual void westonrobot::RobotCommonInterface::SendMotionCommand(double, double, double, double)[m[Kâ€™:
[01m[K/home/scv/SCV/src/vehicle/SCV_ugv_sdk/include/ugv_sdk/details/interface/robot_common_interface.hpp:122:16:[m[K [01;31m[Kerror: [m[Kâ€˜[01m[Kruntime_error[m[Kâ€™ is not a member of â€˜[01m[Kstd[m[Kâ€™
  122 |     throw std::[01;31m[Kruntime_error[m[K(
      |                [01;31m[K^~~~~~~~~~~~~[m[K
[01m[K/home/scv/SCV/src/vehicle/SCV_ugv_sdk/include/ugv_sdk/details/interface/robot_common_interface.hpp:[m[K In member function â€˜[01m[Kvirtual westonrobot::ResponseVersionMsgGroup westonrobot::RobotCommonInterface::GetResponseVersionMsgGroup()[m[Kâ€™:
[01m[K/home/scv/SCV/src/vehicle/SCV_ugv_sdk/include/ugv_sdk/details/interface/robot_common_interface.hpp:105:16:[m[K [01;31m[Kerror: [m[Kâ€˜[01m[Kruntime_error[m[Kâ€™ is not a member of â€˜[01m[Kstd[m[Kâ€™
  105 |     throw std::[01;31m[Kruntime_error[m[K(
      |                [01;31m[K^~~~~~~~~~~~~[m[K
In file included from [01m[K/home/scv/SCV/src/vehicle/SCV_ugv_sdk/include/ugv_sdk/mobile_robot/bunker_robot.hpp:15[m[K,
                 from [01m[K/home/scv/SCV/src/vehicle/SCV_ugv_sdk/src/mobile_robot/bunker_robot.cpp:10[m[K:
[01m[K/home/scv/SCV/src/vehicle/SCV_ugv_sdk/include/ugv_sdk/details/interface/robot_common_interface.hpp:[m[K In member function â€˜[01m[Kvirtual westonrobot::CoreStateMsgGroup westonrobot::RobotCommonInterface::GetRobotCoreStateMsgGroup()[m[Kâ€™:
[01m[K/home/scv/SCV/src/vehicle/SCV_ugv_sdk/include/ugv_sdk/details/interface/robot_common_interface.hpp:87:16:[m[K [01;31m[Kerror: [m[Kâ€˜[01m[Kruntime_error[m[Kâ€™ is not a member of â€˜[01m[Kstd[m[Kâ€™
   87 |     throw std::[01;31m[Kruntime_error[m[K(
      |                [01;31m[K^~~~~~~~~~~~~[m[K
[01m[K/home/scv/SCV/src/vehicle/SCV_ugv_sdk/include/ugv_sdk/details/interface/robot_common_interface.hpp:[m[K In member function â€˜[01m[Kvirtual void westonrobot::RobotCommonInterface::SendLightCommand(LightMode, uint8_t, LightMode, uint8_t)[m[Kâ€™:
[01m[K/home/scv/SCV/src/vehicle/SCV_ugv_sdk/include/ugv_sdk/details/interface/robot_common_interface.hpp:130:16:[m[K [01;31m[Kerror: [m[Kâ€˜[01m[Kruntime_error[m[Kâ€™ is not a member of â€˜[01m[Kstd[m[Kâ€™
  130 |     throw std::[01;31m[Kruntime_error[m[K(
      |                [01;31m[K^~~~~~~~~~~~~[m[K
[01m[K/home/scv/SCV/src/vehicle/SCV_ugv_sdk/include/ugv_sdk/details/interface/robot_common_interface.hpp:[m[K In member function â€˜[01m[Kvirtual westonrobot::ActuatorStateMsgGroup westonrobot::RobotCommonInterface::GetActuatorStateMsgGroup()[m[Kâ€™:
[01m[K/home/scv/SCV/src/vehicle/SCV_ugv_sdk/include/ugv_sdk/details/interface/robot_common_interface.hpp:93:16:[m[K [01;31m[Kerror: [m[Kâ€˜[01m[Kruntime_error[m[Kâ€™ is not a member of â€˜[01m[Kstd[m[Kâ€™
   93 |     throw std::[01;31m[Kruntime_error[m[K(
      |                [01;31m[K^~~~~~~~~~~~~[m[K
[01m[K/home/scv/SCV/src/vehicle/SCV_ugv_sdk/include/ugv_sdk/details/interface/robot_common_interface.hpp:[m[K In member function â€˜[01m[Kvirtual westonrobot::CommonSensorStateMsgGroup westonrobot::RobotCommonInterface::GetCommonSensorStateMsgGroup()[m[Kâ€™:
[01m[K/home/scv/SCV/src/vehicle/SCV_ugv_sdk/include/ugv_sdk/details/interface/robot_common_interface.hpp:99:16:[m[K [01;31m[Kerror: [m[Kâ€˜[01m[Kruntime_error[m[Kâ€™ is not a member of â€˜[01m[Kstd[m[Kâ€™
   99 |     throw std::[01;31m[Kruntime_error[m[K(
      |                [01;31m[K^~~~~~~~~~~~~[m[K
[01m[K/home/scv/SCV/src/vehicle/SCV_ugv_sdk/include/ugv_sdk/details/interface/robot_common_interface.hpp:[m[K In member function â€˜[01m[Kvirtual westonrobot::MotorMsgGroup westonrobot::RobotCommonInterface::GetMotorMsgGroup()[m[Kâ€™:
[01m[K/home/scv/SCV/src/vehicle/SCV_ugv_sdk/include/ugv_sdk/details/interface/robot_common_interface.hpp:111:16:[m[K [01;31m[Kerror: [m[Kâ€˜[01m[Kruntime_error[m[Kâ€™ is not a member of â€˜[01m[Kstd[m[Kâ€™
  111 |     throw std::[01;31m[Kruntime_error[m[K(
      |                [01;31m[K^~~~~~~~~~~~~[m[K
[01m[K/home/scv/SCV/src/vehicle/SCV_ugv_sdk/include/ugv_sdk/details/interface/robot_common_interface.hpp:[m[K In member function â€˜[01m[Kvirtual westonrobot::ResponseVersionMsgGroup westonrobot::RobotCommonInterface::GetResponseVersionMsgGroup()[m[Kâ€™:
[01m[K/home/scv/SCV/src/vehicle/SCV_ugv_sdk/include/ugv_sdk/details/interface/robot_common_interface.hpp:105:16:[m[K [01;31m[Kerror: [m[Kâ€˜[01m[Kruntime_error[m[Kâ€™ is not a member of â€˜[01m[Kstd[m[Kâ€™
  105 |     throw std::[01;31m[Kruntime_error[m[K(
      |                [01;31m[K^~~~~~~~~~~~~[m[K
[01m[K/home/scv/SCV/src/vehicle/SCV_ugv_sdk/include/ugv_sdk/details/interface/robot_common_interface.hpp:[m[K In member function â€˜[01m[Kvirtual westonrobot::MotorMsgGroup westonrobot::RobotCommonInterface::GetMotorMsgGroup()[m[Kâ€™:
[01m[K/home/scv/SCV/src/vehicle/SCV_ugv_sdk/include/ugv_sdk/details/interface/robot_common_interface.hpp:111:16:[m[K [01;31m[Kerror: [m[Kâ€˜[01m[Kruntime_error[m[Kâ€™ is not a member of â€˜[01m[Kstd[m[Kâ€™
  111 |     throw std::[01;31m[Kruntime_error[m[K(
      |                [01;31m[K^~~~~~~~~~~~~[m[K
[01m[K/home/scv/SCV/src/vehicle/SCV_ugv_sdk/include/ugv_sdk/details/interface/robot_common_interface.hpp:[m[K In member function â€˜[01m[Kvirtual void westonrobot::RobotCommonInterface::SendMotionCommand(double, double, double, double)[m[Kâ€™:
[01m[K/home/scv/SCV/src/vehicle/SCV_ugv_sdk/include/ugv_sdk/details/interface/robot_common_interface.hpp:122:16:[m[K [01;31m[Kerror: [m[Kâ€˜[01m[Kruntime_error[m[Kâ€™ is not a member of â€˜[01m[Kstd[m[Kâ€™
  122 |     throw std::[01;31m[Kruntime_error[m[K(
      |                [01;31m[K^~~~~~~~~~~~~[m[K
[01m[K/home/scv/SCV/src/vehicle/SCV_ugv_sdk/include/ugv_sdk/details/interface/robot_common_interface.hpp:[m[K In member function â€˜[01m[Kvirtual void westonrobot::RobotCommonInterface::SendMotionCommand(double, double, double, double)[m[Kâ€™:
[01m[K/home/scv/SCV/src/vehicle/SCV_ugv_sdk/include/ugv_sdk/details/interface/robot_common_interface.hpp:122:16:[m[K [01;31m[Kerror: [m[Kâ€˜[01m[Kruntime_error[m[Kâ€™ is not a member of â€˜[01m[Kstd[m[Kâ€™
  122 |     throw std::[01;31m[Kruntime_error[m[K(
      |                [01;31m[K^~~~~~~~~~~~~[m[K
[01m[K/home/scv/SCV/src/vehicle/SCV_ugv_sdk/include/ugv_sdk/details/interface/robot_common_interface.hpp:[m[K In member function â€˜[01m[Kvirtual void westonrobot::RobotCommonInterface::SendLightCommand(LightMode, uint8_t, LightMode, uint8_t)[m[Kâ€™:
[01m[K/home/scv/SCV/src/vehicle/SCV_ugv_sdk/include/ugv_sdk/details/interface/robot_common_interface.hpp:130:16:[m[K [01;31m[Kerror: [m[Kâ€˜[01m[Kruntime_error[m[Kâ€™ is not a member of â€˜[01m[Kstd[m[Kâ€™
  130 |     throw std::[01;31m[Kruntime_error[m[K(
      |                [01;31m[K^~~~~~~~~~~~~[m[K
[01m[K/home/scv/SCV/src/vehicle/SCV_ugv_sdk/include/ugv_sdk/details/interface/robot_common_interface.hpp:[m[K In member function â€˜[01m[Kvirtual void westonrobot::RobotCommonInterface::SendLightCommand(LightMode, uint8_t, LightMode, uint8_t)[m[Kâ€™:
[01m[K/home/scv/SCV/src/vehicle/SCV_ugv_sdk/include/ugv_sdk/details/interface/robot_common_interface.hpp:130:16:[m[K [01;31m[Kerror: [m[Kâ€˜[01m[Kruntime_error[m[Kâ€™ is not a member of â€˜[01m[Kstd[m[Kâ€™
  130 |     throw std::[01;31m[Kruntime_error[m[K(
      |                [01;31m[K^~~~~~~~~~~~~[m[K
gmake[2]: *** [CMakeFiles/ugv_sdk.dir/build.make:132: CMakeFiles/ugv_sdk.dir/src/mobile_robot/hunter_robot.cpp.o] Error 1
gmake[2]: *** Waiting for unfinished jobs....
gmake[2]: *** [CMakeFiles/ugv_sdk.dir/build.make:146: CMakeFiles/ugv_sdk.dir/src/mobile_robot/bunker_robot.cpp.o] Error 1
gmake[2]: *** [CMakeFiles/ugv_sdk.dir/build.make:118: CMakeFiles/ugv_sdk.dir/src/mobile_robot/scout_robot.cpp.o] Error 1
gmake[1]: *** [CMakeFiles/Makefile2:207: CMakeFiles/ugv_sdk.dir/all] Error 2
gmake: *** [Makefile:156: all] Error 2
