[0.008s] Invoking command in '/home/scv/SCV/build/ugv_sdk': /usr/bin/cmake --build /home/scv/SCV/build/ugv_sdk -- -j8 -l8
[0.024s] -- Build package with cmake
[0.024s] -- Tests will not be built
[0.029s] -- Project will be installed to /home/scv/SCV/install/ugv_sdk with 'make install'
[0.029s] --  - To install LIB components to /home/scv/SCV/install/ugv_sdk/lib
[0.029s] --  - To install BIN components to /home/scv/SCV/install/ugv_sdk/bin
[0.029s] --  - To install INCLUDE components to /home/scv/SCV/install/ugv_sdk/include
[0.029s] --  - To install CMAKE components to /home/scv/SCV/install/ugv_sdk/share/cmake/ugv_sdk
[0.035s] -- Configuring done
[0.047s] -- Generating done
[0.051s] -- Build files have been written to: /home/scv/SCV/build/ugv_sdk
[0.070s] [35m[1mConsolidate compiler generated dependencies of target ugv_sdk[0m
[0.094s] [  4%] [32mBuilding CXX object CMakeFiles/ugv_sdk.dir/src/async_port/async_serial.cpp.o[0m
[0.095s] [  8%] [32mBuilding CXX object CMakeFiles/ugv_sdk.dir/src/async_port/async_can.cpp.o[0m
[0.095s] [ 16%] [32mBuilding CXX object CMakeFiles/ugv_sdk.dir/src/mobile_robot/scout_robot.cpp.o[0m
[0.096s] [ 12%] [32mBuilding CXX object CMakeFiles/ugv_sdk.dir/src/utilities/protocol_detector.cpp.o[0m
[0.097s] [ 20%] [32mBuilding CXX object CMakeFiles/ugv_sdk.dir/src/mobile_robot/bunker_robot.cpp.o[0m
[0.097s] [ 25%] [32mBuilding CXX object CMakeFiles/ugv_sdk.dir/src/mobile_robot/hunter_robot.cpp.o[0m
[0.110s] [ 29%] [32mBuilding C object CMakeFiles/ugv_sdk.dir/src/protocol_v2/agilex_msg_parser_v2.c.o[0m
[0.110s] [ 33%] [32mBuilding CXX object CMakeFiles/ugv_sdk.dir/src/protocol_v2/protocol_v2_parser.cpp.o[0m
[0.196s] [ 37%] [32mBuilding C object CMakeFiles/ugv_sdk.dir/src/protocol_v1/agilex_msg_parser_v1.c.o[0m
[0.576s] In file included from [01m[K/home/scv/SCV/src/vehicle/SCV_ugv_sdk/include/ugv_sdk/mobile_robot/scout_robot.hpp:15[m[K,
[0.576s]                  from [01m[K/home/scv/SCV/src/vehicle/SCV_ugv_sdk/src/mobile_robot/scout_robot.cpp:10[m[K:
[0.576s] [01m[K/home/scv/SCV/src/vehicle/SCV_ugv_sdk/include/ugv_sdk/details/interface/robot_common_interface.hpp:[m[K In member function â€˜[01m[Kvirtual westonrobot::CoreStateMsgGroup westonrobot::RobotCommonInterface::GetRobotCoreStateMsgGroup()[m[Kâ€™:
[0.576s] [01m[K/home/scv/SCV/src/vehicle/SCV_ugv_sdk/include/ugv_sdk/details/interface/robot_common_interface.hpp:87:16:[m[K [01;31m[Kerror: [m[Kâ€˜[01m[Kruntime_error[m[Kâ€™ is not a member of â€˜[01m[Kstd[m[Kâ€™
[0.576s]    87 |     throw std::[01;31m[Kruntime_error[m[K(
[0.576s]       |                [01;31m[K^~~~~~~~~~~~~[m[K
[0.576s] [01m[K/home/scv/SCV/src/vehicle/SCV_ugv_sdk/include/ugv_sdk/details/interface/robot_common_interface.hpp:[m[K In member function â€˜[01m[Kvirtual westonrobot::ActuatorStateMsgGroup westonrobot::RobotCommonInterface::GetActuatorStateMsgGroup()[m[Kâ€™:
[0.576s] [01m[K/home/scv/SCV/src/vehicle/SCV_ugv_sdk/include/ugv_sdk/details/interface/robot_common_interface.hpp:93:16:[m[K [01;31m[Kerror: [m[Kâ€˜[01m[Kruntime_error[m[Kâ€™ is not a member of â€˜[01m[Kstd[m[Kâ€™
[0.576s]    93 |     throw std::[01;31m[Kruntime_error[m[K(
[0.577s]       |                [01;31m[K^~~~~~~~~~~~~[m[K
[0.577s] In file included from [01m[K/home/scv/SCV/src/vehicle/SCV_ugv_sdk/include/ugv_sdk/mobile_robot/hunter_robot.hpp:15[m[K,
[0.577s]                  from [01m[K/home/scv/SCV/src/vehicle/SCV_ugv_sdk/src/mobile_robot/hunter_robot.cpp:10[m[K:
[0.577s] [01m[K/home/scv/SCV/src/vehicle/SCV_ugv_sdk/include/ugv_sdk/details/interface/robot_common_interface.hpp:[m[K In member function â€˜[01m[Kvirtual westonrobot::CoreStateMsgGroup westonrobot::RobotCommonInterface::GetRobotCoreStateMsgGroup()[m[Kâ€™:
[0.577s] [01m[K/home/scv/SCV/src/vehicle/SCV_ugv_sdk/include/ugv_sdk/details/interface/robot_common_interface.hpp:87:16:[m[K [01;31m[Kerror: [m[Kâ€˜[01m[Kruntime_error[m[Kâ€™ is not a member of â€˜[01m[Kstd[m[Kâ€™
[0.577s]    87 |     throw std::[01;31m[Kruntime_error[m[K(
[0.577s]       |                [01;31m[K^~~~~~~~~~~~~[m[K
[0.579s] [01m[K/home/scv/SCV/src/vehicle/SCV_ugv_sdk/include/ugv_sdk/details/interface/robot_common_interface.hpp:[m[K In member function â€˜[01m[Kvirtual westonrobot::CommonSensorStateMsgGroup westonrobot::RobotCommonInterface::GetCommonSensorStateMsgGroup()[m[Kâ€™:
[0.579s] [01m[K/home/scv/SCV/src/vehicle/SCV_ugv_sdk/include/ugv_sdk/details/interface/robot_common_interface.hpp:99:16:[m[K [01;31m[Kerror: [m[Kâ€˜[01m[Kruntime_error[m[Kâ€™ is not a member of â€˜[01m[Kstd[m[Kâ€™
[0.579s]    99 |     throw std::[01;31m[Kruntime_error[m[K(
[0.580s]       |                [01;31m[K^~~~~~~~~~~~~[m[K
[0.580s] [01m[K/home/scv/SCV/src/vehicle/SCV_ugv_sdk/include/ugv_sdk/details/interface/robot_common_interface.hpp:[m[K In member function â€˜[01m[Kvirtual westonrobot::ResponseVersionMsgGroup westonrobot::RobotCommonInterface::GetResponseVersionMsgGroup()[m[Kâ€™:
[0.580s] [01m[K/home/scv/SCV/src/vehicle/SCV_ugv_sdk/include/ugv_sdk/details/interface/robot_common_interface.hpp:105:16:[m[K [01;31m[Kerror: [m[Kâ€˜[01m[Kruntime_error[m[Kâ€™ is not a member of â€˜[01m[Kstd[m[Kâ€™
[0.580s]   105 |     throw std::[01;31m[Kruntime_error[m[K(
[0.580s]       |                [01;31m[K^~~~~~~~~~~~~[m[K
[0.580s] [01m[K/home/scv/SCV/src/vehicle/SCV_ugv_sdk/include/ugv_sdk/details/interface/robot_common_interface.hpp:[m[K In member function â€˜[01m[Kvirtual westonrobot::ActuatorStateMsgGroup westonrobot::RobotCommonInterface::GetActuatorStateMsgGroup()[m[Kâ€™:
[0.580s] [01m[K/home/scv/SCV/src/vehicle/SCV_ugv_sdk/include/ugv_sdk/details/interface/robot_common_interface.hpp:93:16:[m[K [01;31m[Kerror: [m[Kâ€˜[01m[Kruntime_error[m[Kâ€™ is not a member of â€˜[01m[Kstd[m[Kâ€™
[0.580s]    93 |     throw std::[01;31m[Kruntime_error[m[K(
[0.582s]       |                [01;31m[K^~~~~~~~~~~~~[m[K
[0.582s] [01m[K/home/scv/SCV/src/vehicle/SCV_ugv_sdk/include/ugv_sdk/details/interface/robot_common_interface.hpp:[m[K In member function â€˜[01m[Kvirtual westonrobot::CommonSensorStateMsgGroup westonrobot::RobotCommonInterface::GetCommonSensorStateMsgGroup()[m[Kâ€™:
[0.582s] [01m[K/home/scv/SCV/src/vehicle/SCV_ugv_sdk/include/ugv_sdk/details/interface/robot_common_interface.hpp:99:16:[m[K [01;31m[Kerror: [m[Kâ€˜[01m[Kruntime_error[m[Kâ€™ is not a member of â€˜[01m[Kstd[m[Kâ€™
[0.583s]    99 |     throw std::[01;31m[Kruntime_error[m[K(
[0.583s]       |                [01;31m[K^~~~~~~~~~~~~[m[K
[0.583s] [01m[K/home/scv/SCV/src/vehicle/SCV_ugv_sdk/include/ugv_sdk/details/interface/robot_common_interface.hpp:[m[K In member function â€˜[01m[Kvirtual westonrobot::MotorMsgGroup westonrobot::RobotCommonInterface::GetMotorMsgGroup()[m[Kâ€™:
[0.583s] [01m[K/home/scv/SCV/src/vehicle/SCV_ugv_sdk/include/ugv_sdk/details/interface/robot_common_interface.hpp:111:16:[m[K [01;31m[Kerror: [m[Kâ€˜[01m[Kruntime_error[m[Kâ€™ is not a member of â€˜[01m[Kstd[m[Kâ€™
[0.583s]   111 |     throw std::[01;31m[Kruntime_error[m[K(
[0.583s]       |                [01;31m[K^~~~~~~~~~~~~[m[K
[0.583s] [01m[K/home/scv/SCV/src/vehicle/SCV_ugv_sdk/include/ugv_sdk/details/interface/robot_common_interface.hpp:[m[K In member function â€˜[01m[Kvirtual void westonrobot::RobotCommonInterface::SendMotionCommand(double, double, double, double)[m[Kâ€™:
[0.583s] [01m[K/home/scv/SCV/src/vehicle/SCV_ugv_sdk/include/ugv_sdk/details/interface/robot_common_interface.hpp:122:16:[m[K [01;31m[Kerror: [m[Kâ€˜[01m[Kruntime_error[m[Kâ€™ is not a member of â€˜[01m[Kstd[m[Kâ€™
[0.583s]   122 |     throw std::[01;31m[Kruntime_error[m[K(
[0.583s]       |                [01;31m[K^~~~~~~~~~~~~[m[K
[0.583s] [01m[K/home/scv/SCV/src/vehicle/SCV_ugv_sdk/include/ugv_sdk/details/interface/robot_common_interface.hpp:[m[K In member function â€˜[01m[Kvirtual westonrobot::ResponseVersionMsgGroup westonrobot::RobotCommonInterface::GetResponseVersionMsgGroup()[m[Kâ€™:
[0.583s] [01m[K/home/scv/SCV/src/vehicle/SCV_ugv_sdk/include/ugv_sdk/details/interface/robot_common_interface.hpp:105:16:[m[K [01;31m[Kerror: [m[Kâ€˜[01m[Kruntime_error[m[Kâ€™ is not a member of â€˜[01m[Kstd[m[Kâ€™
[0.583s]   105 |     throw std::[01;31m[Kruntime_error[m[K(
[0.583s]       |                [01;31m[K^~~~~~~~~~~~~[m[K
[0.583s] In file included from [01m[K/home/scv/SCV/src/vehicle/SCV_ugv_sdk/include/ugv_sdk/mobile_robot/bunker_robot.hpp:15[m[K,
[0.584s]                  from [01m[K/home/scv/SCV/src/vehicle/SCV_ugv_sdk/src/mobile_robot/bunker_robot.cpp:10[m[K:
[0.584s] [01m[K/home/scv/SCV/src/vehicle/SCV_ugv_sdk/include/ugv_sdk/details/interface/robot_common_interface.hpp:[m[K In member function â€˜[01m[Kvirtual westonrobot::CoreStateMsgGroup westonrobot::RobotCommonInterface::GetRobotCoreStateMsgGroup()[m[Kâ€™:
[0.584s] [01m[K/home/scv/SCV/src/vehicle/SCV_ugv_sdk/include/ugv_sdk/details/interface/robot_common_interface.hpp:87:16:[m[K [01;31m[Kerror: [m[Kâ€˜[01m[Kruntime_error[m[Kâ€™ is not a member of â€˜[01m[Kstd[m[Kâ€™
[0.584s]    87 |     throw std::[01;31m[Kruntime_error[m[K(
[0.584s]       |                [01;31m[K^~~~~~~~~~~~~[m[K
[0.584s] [01m[K/home/scv/SCV/src/vehicle/SCV_ugv_sdk/include/ugv_sdk/details/interface/robot_common_interface.hpp:[m[K In member function â€˜[01m[Kvirtual void westonrobot::RobotCommonInterface::SendLightCommand(LightMode, uint8_t, LightMode, uint8_t)[m[Kâ€™:
[0.584s] [01m[K/home/scv/SCV/src/vehicle/SCV_ugv_sdk/include/ugv_sdk/details/interface/robot_common_interface.hpp:130:16:[m[K [01;31m[Kerror: [m[Kâ€˜[01m[Kruntime_error[m[Kâ€™ is not a member of â€˜[01m[Kstd[m[Kâ€™
[0.584s]   130 |     throw std::[01;31m[Kruntime_error[m[K(
[0.587s]       |                [01;31m[K^~~~~~~~~~~~~[m[K
[0.587s] [01m[K/home/scv/SCV/src/vehicle/SCV_ugv_sdk/include/ugv_sdk/details/interface/robot_common_interface.hpp:[m[K In member function â€˜[01m[Kvirtual westonrobot::ActuatorStateMsgGroup westonrobot::RobotCommonInterface::GetActuatorStateMsgGroup()[m[Kâ€™:
[0.588s] [01m[K/home/scv/SCV/src/vehicle/SCV_ugv_sdk/include/ugv_sdk/details/interface/robot_common_interface.hpp:93:16:[m[K [01;31m[Kerror: [m[Kâ€˜[01m[Kruntime_error[m[Kâ€™ is not a member of â€˜[01m[Kstd[m[Kâ€™
[0.588s]    93 |     throw std::[01;31m[Kruntime_error[m[K(
[0.588s]       |                [01;31m[K^~~~~~~~~~~~~[m[K
[0.588s] [01m[K/home/scv/SCV/src/vehicle/SCV_ugv_sdk/include/ugv_sdk/details/interface/robot_common_interface.hpp:[m[K In member function â€˜[01m[Kvirtual westonrobot::CommonSensorStateMsgGroup westonrobot::RobotCommonInterface::GetCommonSensorStateMsgGroup()[m[Kâ€™:
[0.588s] [01m[K/home/scv/SCV/src/vehicle/SCV_ugv_sdk/include/ugv_sdk/details/interface/robot_common_interface.hpp:99:16:[m[K [01;31m[Kerror: [m[Kâ€˜[01m[Kruntime_error[m[Kâ€™ is not a member of â€˜[01m[Kstd[m[Kâ€™
[0.588s]    99 |     throw std::[01;31m[Kruntime_error[m[K(
[0.588s]       |                [01;31m[K^~~~~~~~~~~~~[m[K
[0.588s] [01m[K/home/scv/SCV/src/vehicle/SCV_ugv_sdk/include/ugv_sdk/details/interface/robot_common_interface.hpp:[m[K In member function â€˜[01m[Kvirtual westonrobot::MotorMsgGroup westonrobot::RobotCommonInterface::GetMotorMsgGroup()[m[Kâ€™:
[0.588s] [01m[K/home/scv/SCV/src/vehicle/SCV_ugv_sdk/include/ugv_sdk/details/interface/robot_common_interface.hpp:111:16:[m[K [01;31m[Kerror: [m[Kâ€˜[01m[Kruntime_error[m[Kâ€™ is not a member of â€˜[01m[Kstd[m[Kâ€™
[0.588s]   111 |     throw std::[01;31m[Kruntime_error[m[K(
[0.588s]       |                [01;31m[K^~~~~~~~~~~~~[m[K
[0.588s] [01m[K/home/scv/SCV/src/vehicle/SCV_ugv_sdk/include/ugv_sdk/details/interface/robot_common_interface.hpp:[m[K In member function â€˜[01m[Kvirtual westonrobot::ResponseVersionMsgGroup westonrobot::RobotCommonInterface::GetResponseVersionMsgGroup()[m[Kâ€™:
[0.588s] [01m[K/home/scv/SCV/src/vehicle/SCV_ugv_sdk/include/ugv_sdk/details/interface/robot_common_interface.hpp:105:16:[m[K [01;31m[Kerror: [m[Kâ€˜[01m[Kruntime_error[m[Kâ€™ is not a member of â€˜[01m[Kstd[m[Kâ€™
[0.589s]   105 |     throw std::[01;31m[Kruntime_error[m[K(
[0.589s]       |                [01;31m[K^~~~~~~~~~~~~[m[K
[0.589s] [01m[K/home/scv/SCV/src/vehicle/SCV_ugv_sdk/include/ugv_sdk/details/interface/robot_common_interface.hpp:[m[K In member function â€˜[01m[Kvirtual westonrobot::MotorMsgGroup westonrobot::RobotCommonInterface::GetMotorMsgGroup()[m[Kâ€™:
[0.589s] [01m[K/home/scv/SCV/src/vehicle/SCV_ugv_sdk/include/ugv_sdk/details/interface/robot_common_interface.hpp:111:16:[m[K [01;31m[Kerror: [m[Kâ€˜[01m[Kruntime_error[m[Kâ€™ is not a member of â€˜[01m[Kstd[m[Kâ€™
[0.589s]   111 |     throw std::[01;31m[Kruntime_error[m[K(
[0.589s]       |                [01;31m[K^~~~~~~~~~~~~[m[K
[0.589s] [01m[K/home/scv/SCV/src/vehicle/SCV_ugv_sdk/include/ugv_sdk/details/interface/robot_common_interface.hpp:[m[K In member function â€˜[01m[Kvirtual void westonrobot::RobotCommonInterface::SendMotionCommand(double, double, double, double)[m[Kâ€™:
[0.590s] [01m[K/home/scv/SCV/src/vehicle/SCV_ugv_sdk/include/ugv_sdk/details/interface/robot_common_interface.hpp:122:16:[m[K [01;31m[Kerror: [m[Kâ€˜[01m[Kruntime_error[m[Kâ€™ is not a member of â€˜[01m[Kstd[m[Kâ€™
[0.590s]   122 |     throw std::[01;31m[Kruntime_error[m[K(
[0.590s]       |                [01;31m[K^~~~~~~~~~~~~[m[K
[0.590s] [01m[K/home/scv/SCV/src/vehicle/SCV_ugv_sdk/include/ugv_sdk/details/interface/robot_common_interface.hpp:[m[K In member function â€˜[01m[Kvirtual void westonrobot::RobotCommonInterface::SendMotionCommand(double, double, double, double)[m[Kâ€™:
[0.590s] [01m[K/home/scv/SCV/src/vehicle/SCV_ugv_sdk/include/ugv_sdk/details/interface/robot_common_interface.hpp:122:16:[m[K [01;31m[Kerror: [m[Kâ€˜[01m[Kruntime_error[m[Kâ€™ is not a member of â€˜[01m[Kstd[m[Kâ€™
[0.591s]   122 |     throw std::[01;31m[Kruntime_error[m[K(
[0.591s]       |                [01;31m[K^~~~~~~~~~~~~[m[K
[0.591s] [01m[K/home/scv/SCV/src/vehicle/SCV_ugv_sdk/include/ugv_sdk/details/interface/robot_common_interface.hpp:[m[K In member function â€˜[01m[Kvirtual void westonrobot::RobotCommonInterface::SendLightCommand(LightMode, uint8_t, LightMode, uint8_t)[m[Kâ€™:
[0.591s] [01m[K/home/scv/SCV/src/vehicle/SCV_ugv_sdk/include/ugv_sdk/details/interface/robot_common_interface.hpp:130:16:[m[K [01;31m[Kerror: [m[Kâ€˜[01m[Kruntime_error[m[Kâ€™ is not a member of â€˜[01m[Kstd[m[Kâ€™
[0.591s]   130 |     throw std::[01;31m[Kruntime_error[m[K(
[0.591s]       |                [01;31m[K^~~~~~~~~~~~~[m[K
[0.591s] [01m[K/home/scv/SCV/src/vehicle/SCV_ugv_sdk/include/ugv_sdk/details/interface/robot_common_interface.hpp:[m[K In member function â€˜[01m[Kvirtual void westonrobot::RobotCommonInterface::SendLightCommand(LightMode, uint8_t, LightMode, uint8_t)[m[Kâ€™:
[0.591s] [01m[K/home/scv/SCV/src/vehicle/SCV_ugv_sdk/include/ugv_sdk/details/interface/robot_common_interface.hpp:130:16:[m[K [01;31m[Kerror: [m[Kâ€˜[01m[Kruntime_error[m[Kâ€™ is not a member of â€˜[01m[Kstd[m[Kâ€™
[0.591s]   130 |     throw std::[01;31m[Kruntime_error[m[K(
[0.591s]       |                [01;31m[K^~~~~~~~~~~~~[m[K
[1.453s] gmake[2]: *** [CMakeFiles/ugv_sdk.dir/build.make:132: CMakeFiles/ugv_sdk.dir/src/mobile_robot/hunter_robot.cpp.o] Error 1
[1.453s] gmake[2]: *** Waiting for unfinished jobs....
[1.461s] gmake[2]: *** [CMakeFiles/ugv_sdk.dir/build.make:146: CMakeFiles/ugv_sdk.dir/src/mobile_robot/bunker_robot.cpp.o] Error 1
[1.527s] gmake[2]: *** [CMakeFiles/ugv_sdk.dir/build.make:118: CMakeFiles/ugv_sdk.dir/src/mobile_robot/scout_robot.cpp.o] Error 1
[3.066s] gmake[1]: *** [CMakeFiles/Makefile2:207: CMakeFiles/ugv_sdk.dir/all] Error 2
[3.066s] gmake: *** [Makefile:156: all] Error 2
[3.067s] Invoked command in '/home/scv/SCV/build/ugv_sdk' returned '2': /usr/bin/cmake --build /home/scv/SCV/build/ugv_sdk -- -j8 -l8
