[0.017s] Invoking command in '/home/scv/SCV/build/usb_cam': CMAKE_PREFIX_PATH=${CMAKE_PREFIX_PATH}:/opt/ros/humble /usr/bin/cmake /home/scv/SCV/src/sensor_pkg/usb_cam -DCMAKE_INSTALL_PREFIX=/home/scv/SCV/install/usb_cam
[0.065s] -- The C compiler identification is GNU 11.4.0
[0.120s] -- The CXX compiler identification is GNU 11.4.0
[0.131s] -- Detecting C compiler ABI info
[0.198s] -- Detecting C compiler ABI info - done
[0.208s] -- Check for working C compiler: /usr/bin/cc - skipped
[0.208s] -- Detecting C compile features
[0.209s] -- Detecting C compile features - done
[0.212s] -- Detecting CXX compiler ABI info
[0.294s] -- Detecting CXX compiler ABI info - done
[0.303s] -- Check for working CXX compiler: /usr/bin/c++ - skipped
[0.303s] -- Detecting CXX compile features
[0.303s] -- Detecting CXX compile features - done
[0.306s] -- Found ament_cmake_auto: 1.3.11 (/opt/ros/humble/share/ament_cmake_auto/cmake)
[0.469s] -- Found Python3: /usr/bin/python3 (found version "3.10.12") found components: Interpreter 
[0.785s] -- Found rosidl_generator_c: 3.1.6 (/opt/ros/humble/share/rosidl_generator_c/cmake)
[0.791s] -- Found rosidl_adapter: 3.1.6 (/opt/ros/humble/share/rosidl_adapter/cmake)
[0.808s] -- Found rosidl_generator_cpp: 3.1.6 (/opt/ros/humble/share/rosidl_generator_cpp/cmake)
[0.824s] -- Using all available rosidl_typesupport_c: rosidl_typesupport_fastrtps_c;rosidl_typesupport_introspection_c
[0.853s] -- Using all available rosidl_typesupport_cpp: rosidl_typesupport_fastrtps_cpp;rosidl_typesupport_introspection_cpp
[0.958s] -- Found rmw_implementation_cmake: 6.1.2 (/opt/ros/humble/share/rmw_implementation_cmake/cmake)
[0.965s] -- Found rmw_fastrtps_cpp: 6.2.7 (/opt/ros/humble/share/rmw_fastrtps_cpp/cmake)
[1.139s] -- Found OpenSSL: /usr/lib/x86_64-linux-gnu/libcrypto.so (found version "3.0.2")  
[1.196s] -- Found FastRTPS: /opt/ros/humble/include  
[1.251s] -- Using RMW implementation 'rmw_fastrtps_cpp' as default
[1.259s] -- Looking for pthread.h
[1.402s] -- Looking for pthread.h - found
[1.402s] -- Performing Test CMAKE_HAVE_LIBC_PTHREAD
[1.558s] -- Performing Test CMAKE_HAVE_LIBC_PTHREAD - Success
[1.560s] -- Found Threads: TRUE  
[1.918s] -- Found OpenCV: /usr (found version "4.5.4") 
[1.920s] -- Found PkgConfig: /usr/bin/pkg-config (found version "0.29.2") 
[1.921s] -- Checking for module 'libavcodec'
[1.936s] --   Found libavcodec, version 58.134.100
[2.006s] -- Checking for module 'libavutil'
[2.039s] --   Found libavutil, version 56.70.100
[2.101s] -- Checking for module 'libswscale'
[2.158s] --   Found libswscale, version 5.9.100
[2.233s] -- Found ament_lint_auto: 0.12.12 (/opt/ros/humble/share/ament_lint_auto/cmake)
[2.269s] -- Found gtest sources under '/opt/ros/humble/src/gtest_vendor': C++ tests using 'Google Test' will be built
[2.295s] -- Added test 'copyright' to check source files copyright and LICENSE
[2.300s] -- Added test 'cppcheck' to perform static code analysis on C / C++ code
[2.300s] -- Configured cppcheck include dirs: /home/scv/SCV/src/sensor_pkg/usb_cam/include
[2.300s] -- Configured cppcheck exclude dirs and/or files: 
[2.303s] -- Added test 'cpplint' to check C / C++ code against the Google style
[2.303s] -- Configured cpplint exclude dirs and/or files: 
[2.308s] -- Added test 'flake8' to check Python code syntax and style conventions
[2.308s] -- Added test 'lint_cmake' to check CMake code style
[2.309s] -- Added test 'pep257' to check Python code against some of the docstring style conventions in PEP 257
[2.316s] -- Added test 'uncrustify' to check C / C++ code style
[2.318s] -- Configured uncrustify additional arguments: 
[2.318s] -- Added test 'xmllint' to check XML markup files
[2.322s] -- Configuring done
[2.432s] -- Generating done
[2.463s] -- Build files have been written to: /home/scv/SCV/build/usb_cam
[2.492s] Invoked command in '/home/scv/SCV/build/usb_cam' returned '0': CMAKE_PREFIX_PATH=${CMAKE_PREFIX_PATH}:/opt/ros/humble /usr/bin/cmake /home/scv/SCV/src/sensor_pkg/usb_cam -DCMAKE_INSTALL_PREFIX=/home/scv/SCV/install/usb_cam
[2.493s] Invoking command in '/home/scv/SCV/build/usb_cam': CMAKE_PREFIX_PATH=${CMAKE_PREFIX_PATH}:/opt/ros/humble /usr/bin/cmake --build /home/scv/SCV/build/usb_cam -- -j8 -l8
[2.607s] [  7%] [32mBuilding CXX object CMakeFiles/usb_cam.dir/src/usb_cam.cpp.o[0m
[2.615s] [ 21%] [32mBuilding CXX object gtest/CMakeFiles/gtest.dir/src/gtest-all.cc.o[0m
[2.617s] [ 21%] [32mBuilding CXX object CMakeFiles/usb_cam_node_exe.dir/rclcpp_components/node_main_usb_cam_node_exe.cpp.o[0m
[2.617s] [ 28%] [32mBuilding CXX object gtest/CMakeFiles/gtest_main.dir/src/gtest_main.cc.o[0m
[4.754s] [ 35%] [32m[1mLinking CXX static library libgtest_main.a[0m
[4.860s] [ 35%] Built target gtest_main
[8.847s] [ 42%] [32m[1mLinking CXX shared library libusb_cam.so[0m
[9.206s] [ 42%] Built target usb_cam
[9.248s] [ 50%] [32mBuilding CXX object CMakeFiles/usb_cam_node.dir/src/usb_cam_node.cpp.o[0m
[9.438s] In file included from [01m[K/home/scv/SCV/src/sensor_pkg/usb_cam/src/usb_cam_node.cpp:34[m[K:
[9.439s] [01m[K/home/scv/SCV/src/sensor_pkg/usb_cam/include/usb_cam/usb_cam_node.hpp:38:10:[m[K [01;31m[Kfatal error: [m[Kcamera_info_manager/camera_info_manager.hpp: No such file or directory
[9.439s]    38 | #include [01;31m[K"camera_info_manager/camera_info_manager.hpp"[m[K
[9.439s]       |          [01;31m[K^~~~~~~~~~~~~~~~~~~~~~~~~~~~~~~~~~~~~~~~~~~~~[m[K
[9.439s] compilation terminated.
[9.442s] gmake[2]: *** [CMakeFiles/usb_cam_node.dir/build.make:76: CMakeFiles/usb_cam_node.dir/src/usb_cam_node.cpp.o] Error 1
[9.442s] gmake[1]: *** [CMakeFiles/Makefile2:189: CMakeFiles/usb_cam_node.dir/all] Error 2
[9.442s] gmake[1]: *** Waiting for unfinished jobs....
[10.111s] [ 57%] [32m[1mLinking CXX executable usb_cam_node_exe[0m
[10.403s] [ 57%] Built target usb_cam_node_exe
[10.676s] [ 64%] [32m[1mLinking CXX static library libgtest.a[0m
[10.724s] [ 64%] Built target gtest
[10.725s] gmake: *** [Makefile:146: all] Error 2
