[0.018s] Invoking command in '/home/scv/SCV/build/usb_cam': CMAKE_PREFIX_PATH=${CMAKE_PREFIX_PATH}:/opt/ros/humble /usr/bin/cmake /home/scv/SCV/src/sensor_pkg/usb_cam -DCMAKE_INSTALL_PREFIX=/home/scv/SCV/install/usb_cam
[0.066s] -- The C compiler identification is GNU 11.4.0
[0.127s] -- The CXX compiler identification is GNU 11.4.0
[0.135s] -- Detecting C compiler ABI info
[0.200s] -- Detecting C compiler ABI info - done
[0.217s] -- Check for working C compiler: /usr/bin/cc - skipped
[0.217s] -- Detecting C compile features
[0.217s] -- Detecting C compile features - done
[0.217s] -- Detecting CXX compiler ABI info
[0.319s] -- Detecting CXX compiler ABI info - done
[0.319s] -- Check for working CXX compiler: /usr/bin/c++ - skipped
[0.319s] -- Detecting CXX compile features
[0.319s] -- Detecting CXX compile features - done
[0.319s] -- Found ament_cmake_auto: 1.3.11 (/opt/ros/humble/share/ament_cmake_auto/cmake)
[0.474s] -- Found Python3: /usr/bin/python3 (found version "3.10.12") found components: Interpreter 
[0.833s] -- Found rosidl_generator_c: 3.1.6 (/opt/ros/humble/share/rosidl_generator_c/cmake)
[0.848s] -- Found rosidl_adapter: 3.1.6 (/opt/ros/humble/share/rosidl_adapter/cmake)
[0.859s] -- Found rosidl_generator_cpp: 3.1.6 (/opt/ros/humble/share/rosidl_generator_cpp/cmake)
[0.891s] -- Using all available rosidl_typesupport_c: rosidl_typesupport_fastrtps_c;rosidl_typesupport_introspection_c
[0.935s] -- Using all available rosidl_typesupport_cpp: rosidl_typesupport_fastrtps_cpp;rosidl_typesupport_introspection_cpp
[1.037s] -- Found rmw_implementation_cmake: 6.1.2 (/opt/ros/humble/share/rmw_implementation_cmake/cmake)
[1.039s] -- Found rmw_fastrtps_cpp: 6.2.7 (/opt/ros/humble/share/rmw_fastrtps_cpp/cmake)
[1.226s] -- Found OpenSSL: /usr/lib/x86_64-linux-gnu/libcrypto.so (found version "3.0.2")  
[1.280s] -- Found FastRTPS: /opt/ros/humble/include  
[1.362s] -- Using RMW implementation 'rmw_fastrtps_cpp' as default
[1.382s] -- Looking for pthread.h
[1.533s] -- Looking for pthread.h - found
[1.540s] -- Performing Test CMAKE_HAVE_LIBC_PTHREAD
[1.724s] -- Performing Test CMAKE_HAVE_LIBC_PTHREAD - Success
[1.724s] -- Found Threads: TRUE  
[2.220s] -- Found OpenCV: /usr (found version "4.5.4") 
[2.228s] -- Found PkgConfig: /usr/bin/pkg-config (found version "0.29.2") 
[2.234s] -- Checking for module 'libavcodec'
[2.259s] --   Found libavcodec, version 58.134.100
[2.374s] -- Checking for module 'libavutil'
[2.449s] --   Found libavutil, version 56.70.100
[2.531s] -- Checking for module 'libswscale'
[2.547s] --   Found libswscale, version 5.9.100
[2.628s] -- Found ament_lint_auto: 0.12.12 (/opt/ros/humble/share/ament_lint_auto/cmake)
[2.668s] -- Found gtest sources under '/opt/ros/humble/src/gtest_vendor': C++ tests using 'Google Test' will be built
[2.702s] -- Added test 'copyright' to check source files copyright and LICENSE
[2.713s] -- Added test 'cppcheck' to perform static code analysis on C / C++ code
[2.713s] -- Configured cppcheck include dirs: /home/scv/SCV/src/sensor_pkg/usb_cam/include
[2.713s] -- Configured cppcheck exclude dirs and/or files: 
[2.713s] -- Added test 'cpplint' to check C / C++ code against the Google style
[2.713s] -- Configured cpplint exclude dirs and/or files: 
[2.723s] -- Added test 'flake8' to check Python code syntax and style conventions
[2.724s] -- Added test 'lint_cmake' to check CMake code style
[2.725s] -- Added test 'pep257' to check Python code against some of the docstring style conventions in PEP 257
[2.731s] -- Added test 'uncrustify' to check C / C++ code style
[2.732s] -- Configured uncrustify additional arguments: 
[2.734s] -- Added test 'xmllint' to check XML markup files
[2.740s] -- Configuring done
[2.814s] -- Generating done
[2.833s] -- Build files have been written to: /home/scv/SCV/build/usb_cam
[2.872s] Invoked command in '/home/scv/SCV/build/usb_cam' returned '0': CMAKE_PREFIX_PATH=${CMAKE_PREFIX_PATH}:/opt/ros/humble /usr/bin/cmake /home/scv/SCV/src/sensor_pkg/usb_cam -DCMAKE_INSTALL_PREFIX=/home/scv/SCV/install/usb_cam
[2.877s] Invoking command in '/home/scv/SCV/build/usb_cam': CMAKE_PREFIX_PATH=${CMAKE_PREFIX_PATH}:/opt/ros/humble /usr/bin/cmake --build /home/scv/SCV/build/usb_cam -- -j8 -l8
[2.970s] [ 14%] [32mBuilding CXX object gtest/CMakeFiles/gtest.dir/src/gtest-all.cc.o[0m
[2.971s] [ 21%] [32mBuilding CXX object CMakeFiles/usb_cam.dir/src/usb_cam.cpp.o[0m
[2.971s] [ 21%] [32mBuilding CXX object gtest/CMakeFiles/gtest_main.dir/src/gtest_main.cc.o[0m
[3.058s] [ 28%] [32mBuilding CXX object CMakeFiles/usb_cam_node_exe.dir/rclcpp_components/node_main_usb_cam_node_exe.cpp.o[0m
[4.465s] [ 35%] [32m[1mLinking CXX static library libgtest_main.a[0m
[4.517s] [ 35%] Built target gtest_main
[6.708s] [ 42%] [32m[1mLinking CXX shared library libusb_cam.so[0m
[7.270s] [ 42%] Built target usb_cam
[7.309s] [ 50%] [32mBuilding CXX object CMakeFiles/usb_cam_node.dir/src/usb_cam_node.cpp.o[0m
[7.483s] In file included from [01m[K/home/scv/SCV/src/sensor_pkg/usb_cam/src/usb_cam_node.cpp:34[m[K:
[7.483s] [01m[K/home/scv/SCV/src/sensor_pkg/usb_cam/include/usb_cam/usb_cam_node.hpp:38:10:[m[K [01;31m[Kfatal error: [m[Kcamera_info_manager/camera_info_manager.hpp: No such file or directory
[7.483s]    38 | #include [01;31m[K"camera_info_manager/camera_info_manager.hpp"[m[K
[7.483s]       |          [01;31m[K^~~~~~~~~~~~~~~~~~~~~~~~~~~~~~~~~~~~~~~~~~~~~[m[K
[7.483s] compilation terminated.
[7.488s] gmake[2]: *** [CMakeFiles/usb_cam_node.dir/build.make:76: CMakeFiles/usb_cam_node.dir/src/usb_cam_node.cpp.o] Error 1
[7.490s] gmake[1]: *** [CMakeFiles/Makefile2:189: CMakeFiles/usb_cam_node.dir/all] Error 2
[7.491s] gmake[1]: *** Waiting for unfinished jobs....
[8.328s] [ 57%] [32m[1mLinking CXX static library libgtest.a[0m
[8.347s] [ 64%] [32m[1mLinking CXX executable usb_cam_node_exe[0m
[8.371s] [ 64%] Built target gtest
[8.503s] [ 64%] Built target usb_cam_node_exe
[8.504s] gmake: *** [Makefile:146: all] Error 2
