[0.008s] Invoking command in '/home/scv/SCV/build/hunter_base': AMENT_PREFIX_PATH=/home/scv/SCV/install/hunter_msgs:${AMENT_PREFIX_PATH} CMAKE_PREFIX_PATH=/opt/ros/humble:/home/scv/SCV/install/ugv_sdk:/home/scv/SCV/install/hunter_msgs LD_LIBRARY_PATH=/home/scv/SCV/install/hunter_msgs/lib:${LD_LIBRARY_PATH} PKG_CONFIG_PATH=/home/scv/SCV/install/ugv_sdk/lib/x86_64-linux-gnu/pkgconfig:/home/scv/SCV/install/ugv_sdk/lib/pkgconfig PYTHONPATH=/home/scv/SCV/install/hunter_msgs/local/lib/python3.10/dist-packages:${PYTHONPATH} ROS_PACKAGE_PATH=/home/scv/SCV/install/ugv_sdk/share /usr/bin/cmake --build /home/scv/SCV/build/hunter_base -- -j8 -l8
[0.050s] Consolidate compiler generated dependencies of target hunter_base_node
[0.064s] [ 25%] Building CXX object CMakeFiles/hunter_base_node.dir/src/hunter_base_ros.cpp.o
[2.344s] In file included from /home/scv/SCV/src/vehicle/SCV_hunter_ros2/hunter_base/ascent/include/ascent/Recorder.h:25,
[2.345s]                  from /home/scv/SCV/src/vehicle/SCV_hunter_ros2/hunter_base/ascent/include/ascent/Ascent.h:17,
[2.345s]                  from /home/scv/SCV/src/vehicle/SCV_hunter_ros2/hunter_base/include/hunter_base/hunter_messenger.hpp:23,
[2.345s]                  from /home/scv/SCV/src/vehicle/SCV_hunter_ros2/hunter_base/src/hunter_base_ros.cpp:12:
[2.345s] /home/scv/SCV/src/vehicle/SCV_hunter_ros2/hunter_base/ascent/include/ascent/containers/stack.h:54:7: warning: type qualifiers ignored on function return type [-Wignored-qualifiers]
[2.345s]    54 |       const pointer operator->() const noexcept
[2.345s]       |       ^~~~~
[2.345s] /home/scv/SCV/src/vehicle/SCV_hunter_ros2/hunter_base/ascent/include/ascent/containers/stack.h:113:7: warning: type qualifiers ignored on function return type [-Wignored-qualifiers]
[2.345s]   113 |       const pointer operator->() const
[2.345s]       |       ^~~~~
[2.348s] In file included from /home/scv/SCV/src/vehicle/SCV_hunter_ros2/hunter_base/ascent/include/ascent/integrators/RK2.h:17,
[2.348s]                  from /home/scv/SCV/src/vehicle/SCV_hunter_ros2/hunter_base/ascent/include/ascent/Ascent.h:26,
[2.348s]                  from /home/scv/SCV/src/vehicle/SCV_hunter_ros2/hunter_base/include/hunter_base/hunter_messenger.hpp:23,
[2.348s]                  from /home/scv/SCV/src/vehicle/SCV_hunter_ros2/hunter_base/src/hunter_base_ros.cpp:12:
[2.348s] /home/scv/SCV/src/vehicle/SCV_hunter_ros2/hunter_base/ascent/include/ascent/Utility.h:25:14: warning: type qualifiers ignored on function return type [-Wignored-qualifiers]
[2.348s]    25 |    constexpr const value_t cx(long double v) { return static_cast<value_t>(v); }
[2.348s]       |              ^~~~~
[2.348s] /home/scv/SCV/src/vehicle/SCV_hunter_ros2/hunter_base/ascent/include/ascent/Utility.h:26:14: warning: type qualifiers ignored on function return type [-Wignored-qualifiers]
[2.349s]    26 |    constexpr const value_t operator"" _v(long double v) { return static_cast<value_t>(v); }
[2.349s]       |              ^~~~~
[2.707s] /home/scv/SCV/src/vehicle/SCV_hunter_ros2/hunter_base/src/hunter_base_ros.cpp: In member function ‘bool westonrobot::HunterBaseRos::Initialize()’:
[2.707s] /home/scv/SCV/src/vehicle/SCV_hunter_ros2/hunter_base/src/hunter_base_ros.cpp:61:3: error: ‘ProtocolDetector’ was not declared in this scope; did you mean ‘ProtocolDectctor’?
[2.707s]    61 |   ProtocolDetector detector;
[2.707s]       |   ^~~~~~~~~~~~~~~~
[2.707s]       |   ProtocolDectctor
[2.713s] /home/scv/SCV/src/vehicle/SCV_hunter_ros2/hunter_base/src/hunter_base_ros.cpp:62:7: error: ‘detector’ was not declared in this scope
[2.713s]    62 |   if (detector.Connect(port_name_)) {
[2.713s]       |       ^~~~~~~~
[2.732s] /home/scv/SCV/src/vehicle/SCV_hunter_ros2/hunter_base/src/hunter_base_ros.cpp: In member function ‘void westonrobot::HunterBaseRos::Run()’:
[2.732s] /home/scv/SCV/src/vehicle/SCV_hunter_ros2/hunter_base/src/hunter_base_ros.cpp:117:26: error: could not convert ‘((std::__shared_ptr_access<westonrobot::HunterRobot, __gnu_cxx::_S_atomic, false, false>*)(&((westonrobot::HunterBaseRos*)this)->westonrobot::HunterBaseRos::robot_))->std::__shared_ptr_access<westonrobot::HunterRobot, __gnu_cxx::_S_atomic, false, false>::operator->()->westonrobot::HunterRobot::Connect(std::__cxx11::basic_string<char>(((westonrobot::HunterBaseRos*)this)->westonrobot::HunterBaseRos::port_name_))’ from ‘void’ to ‘bool’
[2.732s]   117 |       if (robot_->Connect(port_name_)) {
[2.732s]       |           ~~~~~~~~~~~~~~~^~~~~~~~~~~~
[2.732s]       |                          |
[2.732s]       |                          void
[5.017s] gmake[2]: *** [CMakeFiles/hunter_base_node.dir/build.make:76: CMakeFiles/hunter_base_node.dir/src/hunter_base_ros.cpp.o] Error 1
[5.017s] gmake[1]: *** [CMakeFiles/Makefile2:154: CMakeFiles/hunter_base_node.dir/all] Error 2
[5.017s] gmake: *** [Makefile:166: all] Error 2
[5.019s] Invoked command in '/home/scv/SCV/build/hunter_base' returned '2': AMENT_PREFIX_PATH=/home/scv/SCV/install/hunter_msgs:${AMENT_PREFIX_PATH} CMAKE_PREFIX_PATH=/opt/ros/humble:/home/scv/SCV/install/ugv_sdk:/home/scv/SCV/install/hunter_msgs LD_LIBRARY_PATH=/home/scv/SCV/install/hunter_msgs/lib:${LD_LIBRARY_PATH} PKG_CONFIG_PATH=/home/scv/SCV/install/ugv_sdk/lib/x86_64-linux-gnu/pkgconfig:/home/scv/SCV/install/ugv_sdk/lib/pkgconfig PYTHONPATH=/home/scv/SCV/install/hunter_msgs/local/lib/python3.10/dist-packages:${PYTHONPATH} ROS_PACKAGE_PATH=/home/scv/SCV/install/ugv_sdk/share /usr/bin/cmake --build /home/scv/SCV/build/hunter_base -- -j8 -l8
