[0.012s] Invoking command in '/home/scv/SCV/build/hunter_base': AMENT_PREFIX_PATH=/home/scv/SCV/install/hunter_msgs:${AMENT_PREFIX_PATH} CMAKE_PREFIX_PATH=/opt/ros/humble:/home/scv/SCV/install/ugv_sdk:/home/scv/SCV/install/hunter_msgs LD_LIBRARY_PATH=/home/scv/SCV/install/hunter_msgs/lib:${LD_LIBRARY_PATH} PKG_CONFIG_PATH=/home/scv/SCV/install/ugv_sdk/lib/x86_64-linux-gnu/pkgconfig:/home/scv/SCV/install/ugv_sdk/lib/pkgconfig PYTHONPATH=/home/scv/SCV/install/hunter_msgs/local/lib/python3.10/dist-packages:${PYTHONPATH} ROS_PACKAGE_PATH=/home/scv/SCV/install/ugv_sdk/share /usr/bin/cmake --build /home/scv/SCV/build/hunter_base -- -j8 -l8
[0.058s] Consolidate compiler generated dependencies of target hunter_base_node
[0.074s] [ 25%] Building CXX object CMakeFiles/hunter_base_node.dir/src/hunter_base_ros.cpp.o
[3.336s] In file included from /home/scv/SCV/src/vehicle/SCV_hunter_ros2/hunter_base/ascent/include/ascent/Recorder.h:25,
[3.336s]                  from /home/scv/SCV/src/vehicle/SCV_hunter_ros2/hunter_base/ascent/include/ascent/Ascent.h:17,
[3.336s]                  from /home/scv/SCV/src/vehicle/SCV_hunter_ros2/hunter_base/include/hunter_base/hunter_messenger.hpp:23,
[3.336s]                  from /home/scv/SCV/src/vehicle/SCV_hunter_ros2/hunter_base/src/hunter_base_ros.cpp:12:
[3.336s] /home/scv/SCV/src/vehicle/SCV_hunter_ros2/hunter_base/ascent/include/ascent/containers/stack.h:54:7: warning: type qualifiers ignored on function return type [-Wignored-qualifiers]
[3.336s]    54 |       const pointer operator->() const noexcept
[3.336s]       |       ^~~~~
[3.336s] /home/scv/SCV/src/vehicle/SCV_hunter_ros2/hunter_base/ascent/include/ascent/containers/stack.h:113:7: warning: type qualifiers ignored on function return type [-Wignored-qualifiers]
[3.337s]   113 |       const pointer operator->() const
[3.337s]       |       ^~~~~
[3.341s] In file included from /home/scv/SCV/src/vehicle/SCV_hunter_ros2/hunter_base/ascent/include/ascent/integrators/RK2.h:17,
[3.341s]                  from /home/scv/SCV/src/vehicle/SCV_hunter_ros2/hunter_base/ascent/include/ascent/Ascent.h:26,
[3.341s]                  from /home/scv/SCV/src/vehicle/SCV_hunter_ros2/hunter_base/include/hunter_base/hunter_messenger.hpp:23,
[3.341s]                  from /home/scv/SCV/src/vehicle/SCV_hunter_ros2/hunter_base/src/hunter_base_ros.cpp:12:
[3.341s] /home/scv/SCV/src/vehicle/SCV_hunter_ros2/hunter_base/ascent/include/ascent/Utility.h:25:14: warning: type qualifiers ignored on function return type [-Wignored-qualifiers]
[3.341s]    25 |    constexpr const value_t cx(long double v) { return static_cast<value_t>(v); }
[3.341s]       |              ^~~~~
[3.341s] /home/scv/SCV/src/vehicle/SCV_hunter_ros2/hunter_base/ascent/include/ascent/Utility.h:26:14: warning: type qualifiers ignored on function return type [-Wignored-qualifiers]
[3.341s]    26 |    constexpr const value_t operator"" _v(long double v) { return static_cast<value_t>(v); }
[3.341s]       |              ^~~~~
[3.801s] /home/scv/SCV/src/vehicle/SCV_hunter_ros2/hunter_base/src/hunter_base_ros.cpp: In member function ‘bool westonrobot::HunterBaseRos::Initialize()’:
[3.801s] /home/scv/SCV/src/vehicle/SCV_hunter_ros2/hunter_base/src/hunter_base_ros.cpp:61:3: error: ‘ProtocolDetector’ was not declared in this scope; did you mean ‘ProtocolDectctor’?
[3.801s]    61 |   ProtocolDetector detector;
[3.801s]       |   ^~~~~~~~~~~~~~~~
[3.801s]       |   ProtocolDectctor
[3.809s] /home/scv/SCV/src/vehicle/SCV_hunter_ros2/hunter_base/src/hunter_base_ros.cpp:62:7: error: ‘detector’ was not declared in this scope
[3.809s]    62 |   if (detector.Connect(port_name_)) {
[3.809s]       |       ^~~~~~~~
[3.830s] /home/scv/SCV/src/vehicle/SCV_hunter_ros2/hunter_base/src/hunter_base_ros.cpp: In member function ‘void westonrobot::HunterBaseRos::Run()’:
[3.830s] /home/scv/SCV/src/vehicle/SCV_hunter_ros2/hunter_base/src/hunter_base_ros.cpp:117:26: error: could not convert ‘((std::__shared_ptr_access<westonrobot::HunterRobot, __gnu_cxx::_S_atomic, false, false>*)(&((westonrobot::HunterBaseRos*)this)->westonrobot::HunterBaseRos::robot_))->std::__shared_ptr_access<westonrobot::HunterRobot, __gnu_cxx::_S_atomic, false, false>::operator->()->westonrobot::HunterRobot::Connect(std::__cxx11::basic_string<char>(((westonrobot::HunterBaseRos*)this)->westonrobot::HunterBaseRos::port_name_))’ from ‘void’ to ‘bool’
[3.830s]   117 |       if (robot_->Connect(port_name_)) {
[3.830s]       |           ~~~~~~~~~~~~~~~^~~~~~~~~~~~
[3.830s]       |                          |
[3.830s]       |                          void
[6.230s] gmake[2]: *** [CMakeFiles/hunter_base_node.dir/build.make:76: CMakeFiles/hunter_base_node.dir/src/hunter_base_ros.cpp.o] Error 1
[6.230s] gmake[1]: *** [CMakeFiles/Makefile2:154: CMakeFiles/hunter_base_node.dir/all] Error 2
[6.230s] gmake: *** [Makefile:166: all] Error 2
