In file included from /home/scv/SCV/src/sensor_pkg/usb_cam/src/usb_cam_node.cpp:34:
/home/scv/SCV/src/sensor_pkg/usb_cam/include/usb_cam/usb_cam_node.hpp:38:10: fatal error: camera_info_manager/camera_info_manager.hpp: No such file or directory
   38 | #include "camera_info_manager/camera_info_manager.hpp"
      |          ^~~~~~~~~~~~~~~~~~~~~~~~~~~~~~~~~~~~~~~~~~~~~
compilation terminated.
gmake[2]: *** [CMakeFiles/usb_cam_node.dir/build.make:76: CMakeFiles/usb_cam_node.dir/src/usb_cam_node.cpp.o] Error 1
gmake[1]: *** [CMakeFiles/Makefile2:189: CMakeFiles/usb_cam_node.dir/all] Error 2
gmake[1]: *** Waiting for unfinished jobs....
gmake: *** [Makefile:146: all] Error 2
