[0.013s] Invoking command in '/home/scv/SCV/build/usb_cam': CMAKE_PREFIX_PATH=/opt/ros/humble /usr/bin/cmake /home/scv/SCV/src/sensor_pkg/usb_cam -DCMAKE_INSTALL_PREFIX=/home/scv/SCV/install/usb_cam
[0.081s] -- The C compiler identification is GNU 11.4.0
[0.199s] -- The CXX compiler identification is GNU 11.4.0
[0.213s] -- Detecting C compiler ABI info
[0.300s] -- Detecting C compiler ABI info - done
[0.309s] -- Check for working C compiler: /usr/bin/cc - skipped
[0.309s] -- Detecting C compile features
[0.309s] -- Detecting C compile features - done
[0.312s] -- Detecting CXX compiler ABI info
[0.389s] -- Detecting CXX compiler ABI info - done
[0.398s] -- Check for working CXX compiler: /usr/bin/c++ - skipped
[0.398s] -- Detecting CXX compile features
[0.398s] -- Detecting CXX compile features - done
[0.400s] -- Found ament_cmake_auto: 1.3.11 (/opt/ros/humble/share/ament_cmake_auto/cmake)
[0.560s] -- Found Python3: /usr/bin/python3 (found version "3.10.12") found components: Interpreter 
[0.759s] -- Found rosidl_generator_c: 3.1.6 (/opt/ros/humble/share/rosidl_generator_c/cmake)
[0.763s] -- Found rosidl_adapter: 3.1.6 (/opt/ros/humble/share/rosidl_adapter/cmake)
[0.770s] -- Found rosidl_generator_cpp: 3.1.6 (/opt/ros/humble/share/rosidl_generator_cpp/cmake)
[0.782s] -- Using all available rosidl_typesupport_c: rosidl_typesupport_fastrtps_c;rosidl_typesupport_introspection_c
[0.797s] -- Using all available rosidl_typesupport_cpp: rosidl_typesupport_fastrtps_cpp;rosidl_typesupport_introspection_cpp
[0.838s] -- Found rmw_implementation_cmake: 6.1.2 (/opt/ros/humble/share/rmw_implementation_cmake/cmake)
[0.840s] -- Found rmw_fastrtps_cpp: 6.2.7 (/opt/ros/humble/share/rmw_fastrtps_cpp/cmake)
[0.911s] -- Found OpenSSL: /usr/lib/x86_64-linux-gnu/libcrypto.so (found version "3.0.2")  
[0.935s] -- Found FastRTPS: /opt/ros/humble/include  
[0.972s] -- Using RMW implementation 'rmw_fastrtps_cpp' as default
[0.979s] -- Looking for pthread.h
[1.044s] -- Looking for pthread.h - found
[1.045s] -- Performing Test CMAKE_HAVE_LIBC_PTHREAD
[1.117s] -- Performing Test CMAKE_HAVE_LIBC_PTHREAD - Success
[1.119s] -- Found Threads: TRUE  
[1.352s] -- Found OpenCV: /usr (found version "4.5.4") 
[1.356s] -- Found PkgConfig: /usr/bin/pkg-config (found version "0.29.2") 
[1.357s] -- Checking for module 'libavcodec'
[1.369s] --   Found libavcodec, version 58.134.100
[1.402s] -- Checking for module 'libavutil'
[1.416s] --   Found libavutil, version 56.70.100
[1.445s] -- Checking for module 'libswscale'
[1.458s] --   Found libswscale, version 5.9.100
[1.493s] -- Found ament_lint_auto: 0.12.12 (/opt/ros/humble/share/ament_lint_auto/cmake)
[1.512s] -- Found gtest sources under '/opt/ros/humble/src/gtest_vendor': C++ tests using 'Google Test' will be built
[1.524s] -- Added test 'copyright' to check source files copyright and LICENSE
[1.527s] -- Added test 'cppcheck' to perform static code analysis on C / C++ code
[1.527s] -- Configured cppcheck include dirs: /home/scv/SCV/src/sensor_pkg/usb_cam/include
[1.527s] -- Configured cppcheck exclude dirs and/or files: 
[1.529s] -- Added test 'cpplint' to check C / C++ code against the Google style
[1.529s] -- Configured cpplint exclude dirs and/or files: 
[1.530s] -- Added test 'flake8' to check Python code syntax and style conventions
[1.531s] -- Added test 'lint_cmake' to check CMake code style
[1.532s] -- Added test 'pep257' to check Python code against some of the docstring style conventions in PEP 257
[1.534s] -- Added test 'uncrustify' to check C / C++ code style
[1.534s] -- Configured uncrustify additional arguments: 
[1.535s] -- Added test 'xmllint' to check XML markup files
[1.537s] -- Configuring done
[1.568s] -- Generating done
[1.579s] -- Build files have been written to: /home/scv/SCV/build/usb_cam
[1.591s] Invoked command in '/home/scv/SCV/build/usb_cam' returned '0': CMAKE_PREFIX_PATH=/opt/ros/humble /usr/bin/cmake /home/scv/SCV/src/sensor_pkg/usb_cam -DCMAKE_INSTALL_PREFIX=/home/scv/SCV/install/usb_cam
[1.592s] Invoking command in '/home/scv/SCV/build/usb_cam': CMAKE_PREFIX_PATH=/opt/ros/humble /usr/bin/cmake --build /home/scv/SCV/build/usb_cam -- -j8 -l8
[1.641s] [ 14%] Building CXX object gtest/CMakeFiles/gtest_main.dir/src/gtest_main.cc.o
[1.642s] [ 14%] Building CXX object CMakeFiles/usb_cam_node_exe.dir/rclcpp_components/node_main_usb_cam_node_exe.cpp.o
[1.642s] [ 28%] Building CXX object CMakeFiles/usb_cam.dir/src/usb_cam.cpp.o
[1.642s] [ 28%] Building CXX object gtest/CMakeFiles/gtest.dir/src/gtest-all.cc.o
[2.767s] [ 35%] Linking CXX static library libgtest_main.a
[2.799s] [ 35%] Built target gtest_main
[3.887s] [ 42%] Linking CXX shared library libusb_cam.so
[4.127s] [ 42%] Built target usb_cam
[4.145s] [ 50%] Building CXX object CMakeFiles/usb_cam_node.dir/src/usb_cam_node.cpp.o
[4.248s] In file included from /home/scv/SCV/src/sensor_pkg/usb_cam/src/usb_cam_node.cpp:34:
[4.248s] /home/scv/SCV/src/sensor_pkg/usb_cam/include/usb_cam/usb_cam_node.hpp:38:10: fatal error: camera_info_manager/camera_info_manager.hpp: No such file or directory
[4.248s]    38 | #include "camera_info_manager/camera_info_manager.hpp"
[4.248s]       |          ^~~~~~~~~~~~~~~~~~~~~~~~~~~~~~~~~~~~~~~~~~~~~
[4.248s] compilation terminated.
[4.249s] gmake[2]: *** [CMakeFiles/usb_cam_node.dir/build.make:76: CMakeFiles/usb_cam_node.dir/src/usb_cam_node.cpp.o] Error 1
[4.250s] gmake[1]: *** [CMakeFiles/Makefile2:189: CMakeFiles/usb_cam_node.dir/all] Error 2
[4.250s] gmake[1]: *** Waiting for unfinished jobs....
[4.948s] [ 57%] Linking CXX executable usb_cam_node_exe
[5.125s] [ 64%] Linking CXX static library libgtest.a
[5.157s] [ 64%] Built target usb_cam_node_exe
[5.171s] [ 64%] Built target gtest
[5.172s] gmake: *** [Makefile:146: all] Error 2
